2023-02-03 07:13:07,307 INFO d.DBMain [main] [1 Los Angeles 1, 2 Monterey Park 1, 3 San Bernardino 1]
2023-02-03 07:13:08,891 INFO d.DBMain [main] [1 United States, 2 Argentina, 3 Chile, 4 Canada, 6 United States, 7 Great Britain, 8 Great Britain]
2023-02-03 07:13:08,928 ERROR d.d.m.CityDAO [main] java.sql.SQLIntegrityConstraintViolationException: Duplicate entry '3' for key 'PRIMARY'
2023-02-03 07:13:08,931 ERROR d.d.m.CountryDAO [main] java.sql.SQLIntegrityConstraintViolationException: Duplicate entry '8' for key 'PRIMARY'
2023-02-03 07:13:08,987 INFO d.d.m.CityDAO [main] in update customer: 3 San Bernardino 1
2023-02-03 07:13:09,037 INFO d.d.m.CountryDAO [main] in update customer: 7 Great Britain
2023-02-03 07:13:09,153 ERROR d.d.m.CityDAO [main] java.sql.SQLIntegrityConstraintViolationException: Cannot delete or update a parent row: a foreign key constraint fails (`mydb`.`flights`, CONSTRAINT `fk_flights_cities2` FOREIGN KEY (`destination_city_id`) REFERENCES `cities` (`city_id`) ON DELETE NO ACTION ON UPDATE NO ACTION)
2023-02-03 07:13:09,157 INFO d.d.m.CountryDAO [main] Removal was successful
2023-02-03 07:13:09,163 INFO d.DBMain [main] 1 Los Angeles 1
2023-02-03 07:13:09,168 INFO d.DBMain [main] 1 United States
2023-02-03 07:15:09,166 INFO d.DBMain [main] [1 Los Angeles 1, 2 Monterey Park 1, 3 San Bernardino 1]
2023-02-03 07:15:09,183 INFO d.DBMain [main] [1 United States, 2 Argentina, 3 Chile, 4 Canada, 6 United States, 7 Great Britain, 8 Great Britain]
2023-02-03 07:15:09,210 ERROR d.d.m.CityDAO [main] java.sql.SQLIntegrityConstraintViolationException: Duplicate entry '3' for key 'PRIMARY'
2023-02-03 07:15:09,213 ERROR d.d.m.CountryDAO [main] java.sql.SQLIntegrityConstraintViolationException: Duplicate entry '8' for key 'PRIMARY'
2023-02-03 07:15:09,216 INFO d.d.m.CityDAO [main] in update customer: 3 San Bernardino 1
2023-02-03 07:15:09,219 INFO d.d.m.CountryDAO [main] in update customer: 7 Great Britain
2023-02-03 07:15:09,282 ERROR d.d.m.CityDAO [main] java.sql.SQLIntegrityConstraintViolationException: Cannot delete or update a parent row: a foreign key constraint fails (`mydb`.`flights`, CONSTRAINT `fk_flights_cities2` FOREIGN KEY (`destination_city_id`) REFERENCES `cities` (`city_id`) ON DELETE NO ACTION ON UPDATE NO ACTION)
2023-02-03 07:15:09,284 INFO d.d.m.CountryDAO [main] Removal was successful
2023-02-03 07:15:09,286 INFO d.DBMain [main] 1 Los Angeles 1
2023-02-03 07:15:09,288 INFO d.DBMain [main] 1 United States
